# This is the CMakeCache file.
# For build in directory: /home/runner/work/ipfs-chromium/ipfs-chromium/build
# It was generated by CMake: /usr/local/bin/cmake
# You can edit this file to change values found and used by cmake.
# If you do not want to change any of the values, simply exit the editor.
# If you do want to change a value, simply edit, save, and exit the editor.
# The syntax for the file is as follows:
# KEY:TYPE=VALUE
# KEY is the name of a variable in the cache.
# TYPE is a hint to GUIs for the type of VALUE, DO NOT EDIT TYPE!.
# VALUE is the current value for the KEY.

########################
# EXTERNAL cache entries
########################

//The directory containing a CMake configuration file for Boost.
Boost_DIR:PATH=/home/runner/work/ipfs-chromium/ipfs-chromium/build

//Path to a program.
CCACHE_EXECUTABLE:FILEPATH=CCACHE_EXECUTABLE-NOTFOUND

//The profile of the current Chromium build.
CHROMIUM_PROFILE:STRING=Debug

//Path to chromium/src. If DOWNLOAD_CHROMIUM=TRUE, and it does
// not exist, it will be created.
CHROMIUM_SOURCE_TREE:PATH=/home/runner/work/ipfs-chromium/ipfs-chromium/build/chromium/src

//Path to a program.
CLANG_TIDY_EXE:FILEPATH=/usr/bin/clang-tidy

//Path to a program.
CMAKE_ADDR2LINE:FILEPATH=/usr/bin/addr2line

//Path to a program.
CMAKE_AR:FILEPATH=/usr/bin/ar

//Choose the type of build, options are: None Debug Release RelWithDebInfo
// MinSizeRel ...
CMAKE_BUILD_TYPE:STRING=Debug

//CXX compiler
CMAKE_CXX_COMPILER:FILEPATH=/usr/bin/c++

//A wrapper around 'ar' adding the appropriate '--plugin' option
// for the GCC compiler
CMAKE_CXX_COMPILER_AR:FILEPATH=/usr/bin/gcc-ar-11

//A wrapper around 'ranlib' adding the appropriate '--plugin' option
// for the GCC compiler
CMAKE_CXX_COMPILER_RANLIB:FILEPATH=/usr/bin/gcc-ranlib-11

//Flags used by the CXX compiler during all build types.
CMAKE_CXX_FLAGS:STRING=

//Flags used by the C++ compiler during coverage builds.
CMAKE_CXX_FLAGS_COVERAGE:STRING=-g --coverage -fprofile-abs-path

//Flags used by the CXX compiler during DEBUG builds.
CMAKE_CXX_FLAGS_DEBUG:STRING=-g

//Flags used by the CXX compiler during MINSIZEREL builds.
CMAKE_CXX_FLAGS_MINSIZEREL:STRING=-Os -DNDEBUG

//Flags used by the CXX compiler during RELEASE builds.
CMAKE_CXX_FLAGS_RELEASE:STRING=-O3 -DNDEBUG

//Flags used by the CXX compiler during RELWITHDEBINFO builds.
CMAKE_CXX_FLAGS_RELWITHDEBINFO:STRING=-O2 -g -DNDEBUG

//Flags used by the C compiler during coverage builds.
CMAKE_C_FLAGS_COVERAGE:STRING=-g --coverage -fprofile-abs-path

//Path to a program.
CMAKE_DLLTOOL:FILEPATH=CMAKE_DLLTOOL-NOTFOUND

//Flags used by the linker during all build types.
CMAKE_EXE_LINKER_FLAGS:STRING=

//Flags used for linking binaries during coverage builds.
CMAKE_EXE_LINKER_FLAGS_COVERAGE:STRING=

//Flags used by the linker during DEBUG builds.
CMAKE_EXE_LINKER_FLAGS_DEBUG:STRING=

//Flags used by the linker during MINSIZEREL builds.
CMAKE_EXE_LINKER_FLAGS_MINSIZEREL:STRING=

//Flags used by the linker during RELEASE builds.
CMAKE_EXE_LINKER_FLAGS_RELEASE:STRING=

//Flags used by the linker during RELWITHDEBINFO builds.
CMAKE_EXE_LINKER_FLAGS_RELWITHDEBINFO:STRING=

//Enable/Disable output of compile commands during generation.
CMAKE_EXPORT_COMPILE_COMMANDS:BOOL=

//Value Computed by CMake.
CMAKE_FIND_PACKAGE_REDIRECTS_DIR:STATIC=/home/runner/work/ipfs-chromium/ipfs-chromium/build/CMakeFiles/pkgRedirects

//Flags used by the Fortran compiler during coverage builds.
CMAKE_Fortran_FLAGS_COVERAGE:STRING=-g --coverage -fprofile-abs-path

//Install path prefix, prepended onto install directories.
CMAKE_INSTALL_PREFIX:PATH=/usr/local

//Path to a program.
CMAKE_LINKER:FILEPATH=/usr/bin/ld

//Program used to build from build.ninja files.
CMAKE_MAKE_PROGRAM:FILEPATH=/usr/bin/ninja

//Flags used by the linker during the creation of modules during
// all build types.
CMAKE_MODULE_LINKER_FLAGS:STRING=

//Flags used by the linker during the creation of modules during
// DEBUG builds.
CMAKE_MODULE_LINKER_FLAGS_DEBUG:STRING=

//Flags used by the linker during the creation of modules during
// MINSIZEREL builds.
CMAKE_MODULE_LINKER_FLAGS_MINSIZEREL:STRING=

//Flags used by the linker during the creation of modules during
// RELEASE builds.
CMAKE_MODULE_LINKER_FLAGS_RELEASE:STRING=

//Flags used by the linker during the creation of modules during
// RELWITHDEBINFO builds.
CMAKE_MODULE_LINKER_FLAGS_RELWITHDEBINFO:STRING=

//Path to a program.
CMAKE_NM:FILEPATH=/usr/bin/nm

//Path to a program.
CMAKE_OBJCOPY:FILEPATH=/usr/bin/objcopy

//Path to a program.
CMAKE_OBJDUMP:FILEPATH=/usr/bin/objdump

//Value Computed by CMake
CMAKE_PROJECT_DESCRIPTION:STATIC=An ipfs client library intended for use in browsers, and a Chromium component which uses it.

//Value Computed by CMake
CMAKE_PROJECT_HOMEPAGE_URL:STATIC=https://github.com/little-bear-labs/ipfs-chromium

//Value Computed by CMake
CMAKE_PROJECT_NAME:STATIC=ipfs-chromium

//Value Computed by CMake
CMAKE_PROJECT_VERSION:STATIC=0.0.0.4

//Value Computed by CMake
CMAKE_PROJECT_VERSION_MAJOR:STATIC=0

//Value Computed by CMake
CMAKE_PROJECT_VERSION_MINOR:STATIC=0

//Value Computed by CMake
CMAKE_PROJECT_VERSION_PATCH:STATIC=0

//Value Computed by CMake
CMAKE_PROJECT_VERSION_TWEAK:STATIC=4

//Path to a program.
CMAKE_RANLIB:FILEPATH=/usr/bin/ranlib

//Path to a program.
CMAKE_READELF:FILEPATH=/usr/bin/readelf

//Flags used by the linker during the creation of shared libraries
// during all build types.
CMAKE_SHARED_LINKER_FLAGS:STRING=

//Flags used by the shared libraries linker during coverage builds.
CMAKE_SHARED_LINKER_FLAGS_COVERAGE:STRING=

//Flags used by the linker during the creation of shared libraries
// during DEBUG builds.
CMAKE_SHARED_LINKER_FLAGS_DEBUG:STRING=

//Flags used by the linker during the creation of shared libraries
// during MINSIZEREL builds.
CMAKE_SHARED_LINKER_FLAGS_MINSIZEREL:STRING=

//Flags used by the linker during the creation of shared libraries
// during RELEASE builds.
CMAKE_SHARED_LINKER_FLAGS_RELEASE:STRING=

//Flags used by the linker during the creation of shared libraries
// during RELWITHDEBINFO builds.
CMAKE_SHARED_LINKER_FLAGS_RELWITHDEBINFO:STRING=

//If set, runtime paths are not added when installing shared libraries,
// but are added when building.
CMAKE_SKIP_INSTALL_RPATH:BOOL=NO

//If set, runtime paths are not added when using shared libraries.
CMAKE_SKIP_RPATH:BOOL=NO

//Flags used by the linker during the creation of static libraries
// during all build types.
CMAKE_STATIC_LINKER_FLAGS:STRING=

//Flags used by the linker during the creation of static libraries
// during DEBUG builds.
CMAKE_STATIC_LINKER_FLAGS_DEBUG:STRING=

//Flags used by the linker during the creation of static libraries
// during MINSIZEREL builds.
CMAKE_STATIC_LINKER_FLAGS_MINSIZEREL:STRING=

//Flags used by the linker during the creation of static libraries
// during RELEASE builds.
CMAKE_STATIC_LINKER_FLAGS_RELEASE:STRING=

//Flags used by the linker during the creation of static libraries
// during RELWITHDEBINFO builds.
CMAKE_STATIC_LINKER_FLAGS_RELWITHDEBINFO:STRING=

//Path to a program.
CMAKE_STRIP:FILEPATH=/usr/bin/strip

//Path to a program.
CMAKE_TAPI:FILEPATH=CMAKE_TAPI-NOTFOUND

//If this value is on, makefiles will be generated without the
// .SILENT directive, and all commands will be echoed to the console
// during the make.  This is useful for debugging only. With Visual
// Studio IDE projects all commands are done without /nologo.
CMAKE_VERBOSE_MAKEFILE:BOOL=FALSE

//Verbose information
CODE_COVERAGE_VERBOSE:BOOL=OFF

//Enable to build RPM source packages
CPACK_SOURCE_RPM:BOOL=OFF

//Enable to build TBZ2 source packages
CPACK_SOURCE_TBZ2:BOOL=ON

//Enable to build TGZ source packages
CPACK_SOURCE_TGZ:BOOL=ON

//Enable to build TXZ source packages
CPACK_SOURCE_TXZ:BOOL=ON

//Enable to build TZ source packages
CPACK_SOURCE_TZ:BOOL=ON

//Enable to build ZIP source packages
CPACK_SOURCE_ZIP:BOOL=OFF

//Path to a program.
CPPFILT_PATH:FILEPATH=/usr/bin/c++filt

//The numeric part (year % 100) of the version of the C++ standard
// to be used. Must be at least 17 (for C++17). Must be one CMake
// knows about.
CXX_VERSION:STRING=17

//Where to find depot_tools, e.g. DEPOT_TOOLS_DIRECTORY/gn.py should
// exist. Setting this to DETECT_FROM_PATH implies the directory
// is in your PATH and always will be.
DEPOT_TOOLS_DIRECTORY:PATH=DETECT_FROM_PATH

//Whether you prefer this cmake run to fetch its own private copy
// of Chromium stuff. Takes a very long time.
DOWNLOAD_CHROMIUM:BOOL=FALSE

//Dot tool for use with Doxygen
DOXYGEN_DOT_EXECUTABLE:FILEPATH=/usr/bin/dot

//Doxygen documentation generation tool (https://www.doxygen.nl)
DOXYGEN_EXECUTABLE:FILEPATH=/usr/bin/doxygen

//Path to a program.
DPKG_BUILDPACKAGE:FILEPATH=/usr/bin/dpkg-buildpackage

//Path to a program.
FASTCOV_PATH:FILEPATH=FASTCOV_PATH-NOTFOUND

//Path to a program.
GCOVR_PATH:FILEPATH=GCOVR_PATH-NOTFOUND

//Path to a program.
GCOV_PATH:FILEPATH=/usr/bin/gcov

//Path to a program.
GENHTML_PATH:FILEPATH=/usr/bin/genhtml

//Git command line client
GIT_EXECUTABLE:FILEPATH=/usr/bin/git

//Args to gn gen
GN_ARGS:STRING='  is_debug=true  dcheck_always_on=true '

//Path to a program.
LCOV_PATH:FILEPATH=/usr/bin/lcov

//Path to a program.
MARP_EXE:FILEPATH=/usr/local/bin/marp

//The protoc compiler
Protobuf_PROTOC_EXECUTABLE:FILEPATH=/home/runner/.conan2/p/b/protoe27888417002d/p/bin/protoc

//Path to a program.
RPMBUILD:FILEPATH=/usr/bin/rpmbuild

//Update unit tests as part of the 'all' default target.
TEST_BY_DEFAULT:BOOL=FALSE

//If we should attempt to use Doxygen to generate documentation.
USE_DOXYGEN:BOOL=TRUE

//The directory containing a CMake configuration file for absl.
absl_DIR:PATH=/home/runner/work/ipfs-chromium/ipfs-chromium/build

//Value Computed by CMake
ipfs-chromium_BINARY_DIR:STATIC=/home/runner/work/ipfs-chromium/ipfs-chromium/build

//Value Computed by CMake
ipfs-chromium_IS_TOP_LEVEL:STATIC=ON

//Value Computed by CMake
ipfs-chromium_SOURCE_DIR:STATIC=/home/runner/work/ipfs-chromium/ipfs-chromium

//Value Computed by CMake
ipfs_client_BINARY_DIR:STATIC=/home/runner/work/ipfs-chromium/ipfs-chromium/build/library

//Value Computed by CMake
ipfs_client_IS_TOP_LEVEL:STATIC=OFF

//Value Computed by CMake
ipfs_client_SOURCE_DIR:STATIC=/home/runner/work/ipfs-chromium/ipfs-chromium/library

//The number of parallel jobs chromium build commands should use.
parallel_jobs:STRING=2

//CMake built-in FindProtobuf.cmake module compatible
protobuf_MODULE_COMPATIBLE:BOOL=OFF

//Enable for verbose output
protobuf_VERBOSE:BOOL=OFF


########################
# INTERNAL cache entries
########################

//ADVANCED property for variable: Boost_DIR
Boost_DIR-ADVANCED:INTERNAL=1
//ADVANCED property for variable: CMAKE_ADDR2LINE
CMAKE_ADDR2LINE-ADVANCED:INTERNAL=1
//ADVANCED property for variable: CMAKE_AR
CMAKE_AR-ADVANCED:INTERNAL=1
//This is the directory where this CMakeCache.txt was created
CMAKE_CACHEFILE_DIR:INTERNAL=/home/runner/work/ipfs-chromium/ipfs-chromium/build
//Major version of cmake used to create the current loaded cache
CMAKE_CACHE_MAJOR_VERSION:INTERNAL=3
//Minor version of cmake used to create the current loaded cache
CMAKE_CACHE_MINOR_VERSION:INTERNAL=27
//Patch version of cmake used to create the current loaded cache
CMAKE_CACHE_PATCH_VERSION:INTERNAL=5
//Path to CMake executable.
CMAKE_COMMAND:INTERNAL=/usr/local/bin/cmake
//Path to cpack program executable.
CMAKE_CPACK_COMMAND:INTERNAL=/usr/local/bin/cpack
//Path to ctest program executable.
CMAKE_CTEST_COMMAND:INTERNAL=/usr/local/bin/ctest
//ADVANCED property for variable: CMAKE_CXX_COMPILER
CMAKE_CXX_COMPILER-ADVANCED:INTERNAL=1
//ADVANCED property for variable: CMAKE_CXX_COMPILER_AR
CMAKE_CXX_COMPILER_AR-ADVANCED:INTERNAL=1
//ADVANCED property for variable: CMAKE_CXX_COMPILER_RANLIB
CMAKE_CXX_COMPILER_RANLIB-ADVANCED:INTERNAL=1
//ADVANCED property for variable: CMAKE_CXX_FLAGS
CMAKE_CXX_FLAGS-ADVANCED:INTERNAL=1
//ADVANCED property for variable: CMAKE_CXX_FLAGS_COVERAGE
CMAKE_CXX_FLAGS_COVERAGE-ADVANCED:INTERNAL=1
//ADVANCED property for variable: CMAKE_CXX_FLAGS_DEBUG
CMAKE_CXX_FLAGS_DEBUG-ADVANCED:INTERNAL=1
//ADVANCED property for variable: CMAKE_CXX_FLAGS_MINSIZEREL
CMAKE_CXX_FLAGS_MINSIZEREL-ADVANCED:INTERNAL=1
//ADVANCED property for variable: CMAKE_CXX_FLAGS_RELEASE
CMAKE_CXX_FLAGS_RELEASE-ADVANCED:INTERNAL=1
//ADVANCED property for variable: CMAKE_CXX_FLAGS_RELWITHDEBINFO
CMAKE_CXX_FLAGS_RELWITHDEBINFO-ADVANCED:INTERNAL=1
//ADVANCED property for variable: CMAKE_C_FLAGS_COVERAGE
CMAKE_C_FLAGS_COVERAGE-ADVANCED:INTERNAL=1
//ADVANCED property for variable: CMAKE_DLLTOOL
CMAKE_DLLTOOL-ADVANCED:INTERNAL=1
//Path to cache edit program executable.
CMAKE_EDIT_COMMAND:INTERNAL=/usr/local/bin/ccmake
//Executable file format
CMAKE_EXECUTABLE_FORMAT:INTERNAL=ELF
//ADVANCED property for variable: CMAKE_EXE_LINKER_FLAGS
CMAKE_EXE_LINKER_FLAGS-ADVANCED:INTERNAL=1
//ADVANCED property for variable: CMAKE_EXE_LINKER_FLAGS_COVERAGE
CMAKE_EXE_LINKER_FLAGS_COVERAGE-ADVANCED:INTERNAL=1
//ADVANCED property for variable: CMAKE_EXE_LINKER_FLAGS_DEBUG
CMAKE_EXE_LINKER_FLAGS_DEBUG-ADVANCED:INTERNAL=1
//ADVANCED property for variable: CMAKE_EXE_LINKER_FLAGS_MINSIZEREL
CMAKE_EXE_LINKER_FLAGS_MINSIZEREL-ADVANCED:INTERNAL=1
//ADVANCED property for variable: CMAKE_EXE_LINKER_FLAGS_RELEASE
CMAKE_EXE_LINKER_FLAGS_RELEASE-ADVANCED:INTERNAL=1
//ADVANCED property for variable: CMAKE_EXE_LINKER_FLAGS_RELWITHDEBINFO
CMAKE_EXE_LINKER_FLAGS_RELWITHDEBINFO-ADVANCED:INTERNAL=1
//ADVANCED property for variable: CMAKE_EXPORT_COMPILE_COMMANDS
CMAKE_EXPORT_COMPILE_COMMANDS-ADVANCED:INTERNAL=1
//Name of external makefile project generator.
CMAKE_EXTRA_GENERATOR:INTERNAL=
//ADVANCED property for variable: CMAKE_Fortran_FLAGS_COVERAGE
CMAKE_Fortran_FLAGS_COVERAGE-ADVANCED:INTERNAL=1
//Name of generator.
CMAKE_GENERATOR:INTERNAL=Ninja
//Generator instance identifier.
CMAKE_GENERATOR_INSTANCE:INTERNAL=
//Name of generator platform.
CMAKE_GENERATOR_PLATFORM:INTERNAL=
//Name of generator toolset.
CMAKE_GENERATOR_TOOLSET:INTERNAL=
//Source directory with the top level CMakeLists.txt file for this
// project
CMAKE_HOME_DIRECTORY:INTERNAL=/home/runner/work/ipfs-chromium/ipfs-chromium
//Install .so files without execute permission.
CMAKE_INSTALL_SO_NO_EXE:INTERNAL=1
//ADVANCED property for variable: CMAKE_LINKER
CMAKE_LINKER-ADVANCED:INTERNAL=1
//ADVANCED property for variable: CMAKE_MAKE_PROGRAM
CMAKE_MAKE_PROGRAM-ADVANCED:INTERNAL=1
//ADVANCED property for variable: CMAKE_MODULE_LINKER_FLAGS
CMAKE_MODULE_LINKER_FLAGS-ADVANCED:INTERNAL=1
//ADVANCED property for variable: CMAKE_MODULE_LINKER_FLAGS_DEBUG
CMAKE_MODULE_LINKER_FLAGS_DEBUG-ADVANCED:INTERNAL=1
//ADVANCED property for variable: CMAKE_MODULE_LINKER_FLAGS_MINSIZEREL
CMAKE_MODULE_LINKER_FLAGS_MINSIZEREL-ADVANCED:INTERNAL=1
//ADVANCED property for variable: CMAKE_MODULE_LINKER_FLAGS_RELEASE
CMAKE_MODULE_LINKER_FLAGS_RELEASE-ADVANCED:INTERNAL=1
//ADVANCED property for variable: CMAKE_MODULE_LINKER_FLAGS_RELWITHDEBINFO
CMAKE_MODULE_LINKER_FLAGS_RELWITHDEBINFO-ADVANCED:INTERNAL=1
//ADVANCED property for variable: CMAKE_NM
CMAKE_NM-ADVANCED:INTERNAL=1
//number of local generators
CMAKE_NUMBER_OF_MAKEFILES:INTERNAL=2
//ADVANCED property for variable: CMAKE_OBJCOPY
CMAKE_OBJCOPY-ADVANCED:INTERNAL=1
//ADVANCED property for variable: CMAKE_OBJDUMP
CMAKE_OBJDUMP-ADVANCED:INTERNAL=1
//Platform information initialized
CMAKE_PLATFORM_INFO_INITIALIZED:INTERNAL=1
//ADVANCED property for variable: CMAKE_RANLIB
CMAKE_RANLIB-ADVANCED:INTERNAL=1
//ADVANCED property for variable: CMAKE_READELF
CMAKE_READELF-ADVANCED:INTERNAL=1
//Path to CMake installation.
CMAKE_ROOT:INTERNAL=/usr/local/share/cmake-3.27
//ADVANCED property for variable: CMAKE_SHARED_LINKER_FLAGS
CMAKE_SHARED_LINKER_FLAGS-ADVANCED:INTERNAL=1
//ADVANCED property for variable: CMAKE_SHARED_LINKER_FLAGS_COVERAGE
CMAKE_SHARED_LINKER_FLAGS_COVERAGE-ADVANCED:INTERNAL=1
//ADVANCED property for variable: CMAKE_SHARED_LINKER_FLAGS_DEBUG
CMAKE_SHARED_LINKER_FLAGS_DEBUG-ADVANCED:INTERNAL=1
//ADVANCED property for variable: CMAKE_SHARED_LINKER_FLAGS_MINSIZEREL
CMAKE_SHARED_LINKER_FLAGS_MINSIZEREL-ADVANCED:INTERNAL=1
//ADVANCED property for variable: CMAKE_SHARED_LINKER_FLAGS_RELEASE
CMAKE_SHARED_LINKER_FLAGS_RELEASE-ADVANCED:INTERNAL=1
//ADVANCED property for variable: CMAKE_SHARED_LINKER_FLAGS_RELWITHDEBINFO
CMAKE_SHARED_LINKER_FLAGS_RELWITHDEBINFO-ADVANCED:INTERNAL=1
//ADVANCED property for variable: CMAKE_SKIP_INSTALL_RPATH
CMAKE_SKIP_INSTALL_RPATH-ADVANCED:INTERNAL=1
//ADVANCED property for variable: CMAKE_SKIP_RPATH
CMAKE_SKIP_RPATH-ADVANCED:INTERNAL=1
//ADVANCED property for variable: CMAKE_STATIC_LINKER_FLAGS
CMAKE_STATIC_LINKER_FLAGS-ADVANCED:INTERNAL=1
//ADVANCED property for variable: CMAKE_STATIC_LINKER_FLAGS_DEBUG
CMAKE_STATIC_LINKER_FLAGS_DEBUG-ADVANCED:INTERNAL=1
//ADVANCED property for variable: CMAKE_STATIC_LINKER_FLAGS_MINSIZEREL
CMAKE_STATIC_LINKER_FLAGS_MINSIZEREL-ADVANCED:INTERNAL=1
//ADVANCED property for variable: CMAKE_STATIC_LINKER_FLAGS_RELEASE
CMAKE_STATIC_LINKER_FLAGS_RELEASE-ADVANCED:INTERNAL=1
//ADVANCED property for variable: CMAKE_STATIC_LINKER_FLAGS_RELWITHDEBINFO
CMAKE_STATIC_LINKER_FLAGS_RELWITHDEBINFO-ADVANCED:INTERNAL=1
//ADVANCED property for variable: CMAKE_STRIP
CMAKE_STRIP-ADVANCED:INTERNAL=1
//ADVANCED property for variable: CMAKE_TAPI
CMAKE_TAPI-ADVANCED:INTERNAL=1
//uname command
CMAKE_UNAME:INTERNAL=/usr/bin/uname
//ADVANCED property for variable: CMAKE_VERBOSE_MAKEFILE
CMAKE_VERBOSE_MAKEFILE-ADVANCED:INTERNAL=1
COVERAGE_COMPILER_FLAGS:INTERNAL=-g --coverage
//ADVANCED property for variable: CPACK_SOURCE_RPM
CPACK_SOURCE_RPM-ADVANCED:INTERNAL=1
//ADVANCED property for variable: CPACK_SOURCE_TBZ2
CPACK_SOURCE_TBZ2-ADVANCED:INTERNAL=1
//ADVANCED property for variable: CPACK_SOURCE_TGZ
CPACK_SOURCE_TGZ-ADVANCED:INTERNAL=1
//ADVANCED property for variable: CPACK_SOURCE_TXZ
CPACK_SOURCE_TXZ-ADVANCED:INTERNAL=1
//ADVANCED property for variable: CPACK_SOURCE_TZ
CPACK_SOURCE_TZ-ADVANCED:INTERNAL=1
//ADVANCED property for variable: CPACK_SOURCE_ZIP
CPACK_SOURCE_ZIP-ADVANCED:INTERNAL=1
//ADVANCED property for variable: DOXYGEN_DOT_EXECUTABLE
DOXYGEN_DOT_EXECUTABLE-ADVANCED:INTERNAL=1
//ADVANCED property for variable: DOXYGEN_EXECUTABLE
DOXYGEN_EXECUTABLE-ADVANCED:INTERNAL=1
//Details about finding Boost
FIND_PACKAGE_MESSAGE_DETAILS_Boost:INTERNAL=[/home/runner/work/ipfs-chromium/ipfs-chromium/build/BoostConfig.cmake][c ][v1.81.0()]
//Details about finding Doxygen
FIND_PACKAGE_MESSAGE_DETAILS_Doxygen:INTERNAL=[/usr/bin/doxygen][cfound components: doxygen dot ][v1.9.1()]
//Details about finding GTest
FIND_PACKAGE_MESSAGE_DETAILS_GTest:INTERNAL=[1.13.0][v1.13.0()]
//Details about finding Git
FIND_PACKAGE_MESSAGE_DETAILS_Git:INTERNAL=[/usr/bin/git][v2.42.0()]
//Details about finding OpenSSL
FIND_PACKAGE_MESSAGE_DETAILS_OpenSSL:INTERNAL=[1.1.1t][v1.1.1t()]
//Details about finding Protobuf
FIND_PACKAGE_MESSAGE_DETAILS_Protobuf:INTERNAL=[3.21.4][v3.21.4()]
//Details about finding Python3
FIND_PACKAGE_MESSAGE_DETAILS_Python3:INTERNAL=[/usr/bin/python3.10][cfound components: Interpreter ][v3.10.12()]
//Details about finding ZLIB
FIND_PACKAGE_MESSAGE_DETAILS_ZLIB:INTERNAL=[1.3][v1.3()]
//ADVANCED property for variable: GIT_EXECUTABLE
GIT_EXECUTABLE-ADVANCED:INTERNAL=1
//Test HAVE_fprofile_abs_path
HAVE_fprofile_abs_path:INTERNAL=1
//linker supports push/pop state
_CMAKE_LINKER_PUSHPOP_STATE_SUPPORTED:INTERNAL=TRUE
//Compiler reason failure
_Python3_Compiler_REASON_FAILURE:INTERNAL=
//Development reason failure
_Python3_Development_REASON_FAILURE:INTERNAL=
_Python3_EXECUTABLE:INTERNAL=/usr/bin/python3.10
//Python3 Properties
_Python3_INTERPRETER_PROPERTIES:INTERNAL=Python;3;10;12;64;;cpython-310-x86_64-linux-gnu.so;abi3;/usr/lib/python3.10;/usr/lib/python3.10;/usr/local/lib/python3.10/dist-packages;/usr/local/lib/python3.10/dist-packages
_Python3_INTERPRETER_SIGNATURE:INTERNAL=61380851b1f49cd20124cec6c9ca8095
//Interpreter reason failure
_Python3_Interpreter_REASON_FAILURE:INTERNAL=
//NumPy reason failure
_Python3_NumPy_REASON_FAILURE:INTERNAL=
//ADVANCED property for variable: protobuf_MODULE_COMPATIBLE
protobuf_MODULE_COMPATIBLE-ADVANCED:INTERNAL=1
//ADVANCED property for variable: protobuf_VERBOSE
protobuf_VERBOSE-ADVANCED:INTERNAL=1

